9/4/2015 10:25:46 AM: Configuration Read from: C:\Users\win7adm\AppData\Local\Autodesk\AutoCAD 2015\R20.0\enu\Support\infocenter.xml
9/4/2015 10:25:48 AM: ICommunicationCenterConnector.SubAwareServiceUrl does not contain valid URL.
 Attempting to load from registry
9/4/2015 10:25:48 AM: SubStatus: No or Bad URL defined in registry - Using default: http://cadservices.autodesk.com/subscriptionservice/subservice
9/4/2015 10:25:48 AM: Polling:2 threads started
9/4/2015 10:25:48 AM: SubStatus: Polling...
9/4/2015 10:25:56 AM: Polling: All threads finished
9/5/2015 9:37:34 AM: Configuration Read from: C:\Users\win7adm\AppData\Local\Autodesk\AutoCAD 2015\R20.0\enu\Support\infocenter.xml
9/5/2015 9:37:36 AM: ICommunicationCenterConnector.SubAwareServiceUrl does not contain valid URL.
 Attempting to load from registry
9/5/2015 9:37:36 AM: SubStatus: No or Bad URL defined in registry - Using default: http://cadservices.autodesk.com/subscriptionservice/subservice
9/5/2015 9:37:36 AM: Polling:2 threads started
9/5/2015 9:37:36 AM: SubStatus: Polling...
9/5/2015 9:37:37 AM: Polling: All threads finished
8/31/2016 4:09:38 PM: Configuration Read from: C:\Users\win7adm\AppData\Local\Autodesk\AutoCAD 2015\R20.0\enu\Support\infocenter.xml
8/31/2016 4:09:44 PM: ICommunicationCenterConnector.SubAwareServiceUrl does not contain valid URL.
 Attempting to load from registry
8/31/2016 4:09:44 PM: SubStatus: No or Bad URL defined in registry - Using default: http://cadservices.autodesk.com/subscriptionservice/subservice
8/31/2016 4:09:44 PM: Polling:2 threads started
8/31/2016 4:09:44 PM: SubStatus: Polling...
8/31/2016 4:09:57 PM: Polling: All threads finished
8/31/2016 4:13:02 PM: Configuration Read from: C:\Users\win7adm\AppData\Local\Autodesk\AutoCAD 2015\R20.0\enu\Support\infocenter.xml
8/31/2016 4:13:14 PM: ICommunicationCenterConnector.SubAwareServiceUrl does not contain valid URL.
 Attempting to load from registry
8/31/2016 4:13:14 PM: SubStatus: No or Bad URL defined in registry - Using default: http://cadservices.autodesk.com/subscriptionservice/subservice
8/31/2016 4:13:14 PM: Polling:2 threads started
8/31/2016 4:13:14 PM: SubStatus: Polling...
8/31/2016 4:13:14 PM: Polling: All threads finished
8/31/2016 4:13:30 PM: Configuration Read from: C:\Users\win7adm\AppData\Local\Autodesk\AutoCAD 2015\R20.0\enu\Support\infocenter.xml
8/31/2016 4:13:31 PM: ICommunicationCenterConnector.SubAwareServiceUrl does not contain valid URL.
 Attempting to load from registry
8/31/2016 4:13:31 PM: SubStatus: No or Bad URL defined in registry - Using default: http://cadservices.autodesk.com/subscriptionservice/subservice
8/31/2016 4:13:31 PM: Polling:2 threads started
8/31/2016 4:13:31 PM: SubStatus: Polling...
8/31/2016 4:13:36 PM: Polling: All threads finished
8/31/2016 4:14:37 PM: Configuration Read from: C:\Users\win7adm\AppData\Local\Autodesk\AutoCAD 2015\R20.0\enu\Support\infocenter.xml
8/31/2016 4:14:39 PM: ICommunicationCenterConnector.SubAwareServiceUrl does not contain valid URL.
 Attempting to load from registry
8/31/2016 4:14:39 PM: SubStatus: No or Bad URL defined in registry - Using default: http://cadservices.autodesk.com/subscriptionservice/subservice
8/31/2016 4:14:39 PM: Polling:2 threads started
8/31/2016 4:14:39 PM: SubStatus: Polling...
8/31/2016 4:14:43 PM: Polling: All threads finished
9/1/2016 12:25:24 PM: Configuration Read from: C:\Users\win7adm\AppData\Local\Autodesk\AutoCAD 2015\R20.0\enu\Support\infocenter.xml
9/1/2016 12:25:32 PM: ICommunicationCenterConnector.SubAwareServiceUrl does not contain valid URL.
 Attempting to load from registry
9/1/2016 12:25:32 PM: SubStatus: No or Bad URL defined in registry - Using default: http://cadservices.autodesk.com/subscriptionservice/subservice
9/1/2016 12:25:33 PM: Polling:2 threads started
9/1/2016 12:25:33 PM: SubStatus: Polling...
9/1/2016 12:25:36 PM: Polling: All threads finished
